Build started 2015-08-27 8:03:51 AM.
     1>Project "C:\Users\mepp1_000\Documents\GitHub\Game-Engine\Components\Components.vcxproj" on node 2 (Build target(s)).
     1>ClCompile:
         C:\Program Files (x86)\Microsoft Visual Studio 14.0\VC\bin\CL.exe /c /ZI /nologo /W3 /WX- /sdl /Od /Oy- /D _MBCS /Gm /EHsc /RTC1 /MDd /GS /fp:precise /Zc:wchar_t /Zc:forScope /Zc:inline /Fo"Debug\\" /Fd"Debug\vc140.pdb" /Gd /TP /analyze- /errorReport:prompt main.cpp
         main.cpp
     1>c:\program files (x86)\microsoft visual studio 14.0\vc\include\tuple(622): error C2039: '_Ttype': is not a member of 'std::_Tuple_element<_Ty,std::tuple<std::map<core::EntityType,renderSystem::LightComponent *,std::less<_Kty>,std::allocator<std::pair<const _Kty,renderSystem::LightComponent>>>>>'
                 with
                 [
                     _Ty=std::map<core::EntityType,renderSystem::ModelComponent *,std::less<core::EntityType>,std::allocator<std::pair<const core::EntityType,renderSystem::ModelComponent *>>>,
                     _Kty=core::EntityType
                 ]
         c:\users\mepp1_000\documents\github\game-engine\components\main.cpp(40): note: see reference to function template instantiation '_Ty &std::get<std::map<core::EntityType,ComponentType *,std::less<_Kty>,std::allocator<std::pair<const _Kty,renderSystem::ModelComponent>>>,std::map<_Kty,renderSystem::LightComponent *,std::less<_Kty>,std::allocator<std::pair<const _Kty,renderSystem::LightComponent>>>>(std::tuple<std::map<_Kty,renderSystem::LightComponent *,std::less<_Kty>,std::allocator<std::pair<const _Kty,renderSystem::LightComponent>>>> &) noexcept' being compiled
                 with
                 [
                     _Ty=std::map<core::EntityType,renderSystem::ModelComponent *,std::less<core::EntityType>,std::allocator<std::pair<const core::EntityType,renderSystem::ModelComponent *>>>,
                     ComponentType=renderSystem::ModelComponent,
                     _Kty=core::EntityType
                 ]
         c:\users\mepp1_000\documents\github\game-engine\components\main.cpp(72): note: see reference to function template instantiation 'void ComponentManager::addComponent<renderSystem::ModelComponent,>(core::EntityType)' being compiled
     1>c:\program files (x86)\microsoft visual studio 14.0\vc\include\tuple(622): error C4430: missing type specifier - int assumed. Note: C++ does not support default-int
     1>c:\program files (x86)\microsoft visual studio 14.0\vc\include\tuple(622): error C2146: syntax error: missing ';' before identifier '_Ttype'
     1>c:\program files (x86)\microsoft visual studio 14.0\vc\include\tuple(622): warning C4091: '': ignored on left of 'int' when no variable is declared
     1>c:\program files (x86)\microsoft visual studio 14.0\vc\include\tuple(623): error C2228: left of '._Myfirst' must have class/struct/union
         c:\program files (x86)\microsoft visual studio 14.0\vc\include\tuple(623): note: type is '_Ttype'
     1>c:\program files (x86)\microsoft visual studio 14.0\vc\include\tuple(623): error C2228: left of '._Val' must have class/struct/union
     1>Done Building Project "C:\Users\mepp1_000\Documents\GitHub\Game-Engine\Components\Components.vcxproj" (Build target(s)) -- FAILED.

Build FAILED.

Time Elapsed 00:00:01.63
