c:\users\aepp8_000\documents\visual studio 2015\projects\components\components\debug\vc140.pdb
c:\users\aepp8_000\documents\visual studio 2015\projects\components\components\debug\vc140.idb
c:\users\aepp8_000\documents\visual studio 2015\projects\components\components\debug\main.obj
c:\users\aepp8_000\documents\visual studio 2015\projects\components\debug\components.pdb
c:\users\aepp8_000\documents\visual studio 2015\projects\components\components\debug\components.tlog\cl.command.1.tlog
c:\users\aepp8_000\documents\visual studio 2015\projects\components\components\debug\components.tlog\cl.read.1.tlog
c:\users\aepp8_000\documents\visual studio 2015\projects\components\components\debug\components.tlog\cl.write.1.tlog
c:\users\aepp8_000\documents\visual studio 2015\projects\components\components\debug\components.tlog\link-cvtres.read.1.tlog
c:\users\aepp8_000\documents\visual studio 2015\projects\components\components\debug\components.tlog\link-cvtres.write.1.tlog
c:\users\aepp8_000\documents\visual studio 2015\projects\components\components\debug\components.tlog\link-rc.read.1.tlog
c:\users\aepp8_000\documents\visual studio 2015\projects\components\components\debug\components.tlog\link-rc.write.1.tlog
c:\users\aepp8_000\documents\visual studio 2015\projects\components\components\debug\components.tlog\link.8352-cvtres.read.1.tlog
c:\users\aepp8_000\documents\visual studio 2015\projects\components\components\debug\components.tlog\link.8352-cvtres.write.1.tlog
c:\users\aepp8_000\documents\visual studio 2015\projects\components\components\debug\components.tlog\link.8352-rc.read.1.tlog
c:\users\aepp8_000\documents\visual studio 2015\projects\components\components\debug\components.tlog\link.8352-rc.write.1.tlog
c:\users\aepp8_000\documents\visual studio 2015\projects\components\components\debug\components.tlog\link.8352.read.1.tlog
c:\users\aepp8_000\documents\visual studio 2015\projects\components\components\debug\components.tlog\link.8352.write.1.tlog
c:\users\aepp8_000\documents\visual studio 2015\projects\components\components\debug\components.tlog\link.command.1.tlog
c:\users\aepp8_000\documents\visual studio 2015\projects\components\components\debug\components.tlog\link.read.1.tlog
c:\users\aepp8_000\documents\visual studio 2015\projects\components\components\debug\components.tlog\link.write.1.tlog
